2025-02-27 09:46:30,581 [Worker-7: Loading available Gradle versions] INFO  o.e.b.c.i.u.g.PublishedGradleVersions - Gradle version information cache is out-of-date. Trying to update.
2025-02-27 10:23:48,768 [Worker-2: Loading available Gradle versions] INFO  o.e.b.c.i.u.g.PublishedGradleVersions - Gradle version information cache is up-to-date. Trying to read.
2025-02-28 09:50:49,948 [Worker-1: Loading available Gradle versions] INFO  o.e.b.c.i.u.g.PublishedGradleVersions - Gradle version information cache is out-of-date. Trying to update.
2025-02-28 15:10:15,376 [Worker-3: Loading available Gradle versions] INFO  o.e.b.c.i.u.g.PublishedGradleVersions - Gradle version information cache is up-to-date. Trying to read.
2025-02-28 15:19:02,784 [ModalContext] INFO  o.e.m.c.i.e.AbstractTransferListenerAdapter - Downloading https://repo.maven.apache.org/maven2/org/apache/maven/archetypes/maven-archetype-webapp/1.5/maven-archetype-webapp-1.5.pom
2025-02-28 15:19:02,817 [ModalContext] INFO  o.e.m.c.i.e.AbstractTransferListenerAdapter - Downloaded https://repo.maven.apache.org/maven2/org/apache/maven/archetypes/maven-archetype-webapp/1.5/maven-archetype-webapp-1.5.pom
2025-02-28 15:19:02,921 [ModalContext] INFO  o.e.m.c.i.e.AbstractTransferListenerAdapter - Downloading https://repo.maven.apache.org/maven2/org/apache/maven/archetypes/maven-archetype-bundles/1.5/maven-archetype-bundles-1.5.pom
2025-02-28 15:19:02,926 [ModalContext] INFO  o.e.m.c.i.e.AbstractTransferListenerAdapter - Downloaded https://repo.maven.apache.org/maven2/org/apache/maven/archetypes/maven-archetype-bundles/1.5/maven-archetype-bundles-1.5.pom
2025-02-28 15:19:03,126 [ModalContext] INFO  o.e.m.c.i.e.AbstractTransferListenerAdapter - Downloading https://repo.maven.apache.org/maven2/org/apache/maven/archetypes/maven-archetype-webapp/1.5/maven-archetype-webapp-1.5.jar
2025-02-28 15:19:03,146 [ModalContext] INFO  o.e.m.c.i.e.AbstractTransferListenerAdapter - Downloaded https://repo.maven.apache.org/maven2/org/apache/maven/archetypes/maven-archetype-webapp/1.5/maven-archetype-webapp-1.5.jar
2025-02-28 15:19:33,752 [Worker-4: Launching mavenrun-e85e6bb1-b9d4-478e-a20b-81b1c236bfdb] INFO  o.eclipse.m2e.core.internal.Bundles - getClasspathEntries(Bundle=org.eclipse.m2e.maven.runtime_3.9.900.20240824-1409 [642])
2025-02-28 15:19:33,754 [Worker-4: Launching mavenrun-e85e6bb1-b9d4-478e-a20b-81b1c236bfdb] INFO  o.eclipse.m2e.core.internal.Bundles - 	Entry: C:\Users\satis\.p2\pool\plugins\org.eclipse.m2e.maven.runtime_3.9.900.20240824-1409
2025-02-28 15:19:33,755 [Worker-4: Launching mavenrun-e85e6bb1-b9d4-478e-a20b-81b1c236bfdb] INFO  o.eclipse.m2e.core.internal.Bundles - 	Entry: C:\Users\satis\.p2\pool\plugins\org.eclipse.m2e.maven.runtime_3.9.900.20240824-1409\jars\aopalliance-1.0.jar
2025-02-28 15:19:33,755 [Worker-4: Launching mavenrun-e85e6bb1-b9d4-478e-a20b-81b1c236bfdb] INFO  o.eclipse.m2e.core.internal.Bundles - 	Entry: C:\Users\satis\.p2\pool\plugins\org.eclipse.m2e.maven.runtime_3.9.900.20240824-1409\jars\guice-5.1.0.jar
2025-02-28 15:19:33,756 [Worker-4: Launching mavenrun-e85e6bb1-b9d4-478e-a20b-81b1c236bfdb] INFO  o.eclipse.m2e.core.internal.Bundles - 	Entry: C:\Users\satis\.p2\pool\plugins\org.eclipse.m2e.maven.runtime_3.9.900.20240824-1409\jars\httpclient-4.5.14.jar
2025-02-28 15:19:33,756 [Worker-4: Launching mavenrun-e85e6bb1-b9d4-478e-a20b-81b1c236bfdb] INFO  o.eclipse.m2e.core.internal.Bundles - 	Entry: C:\Users\satis\.p2\pool\plugins\org.eclipse.m2e.maven.runtime_3.9.900.20240824-1409\jars\httpcore-4.4.16.jar
2025-02-28 15:19:33,756 [Worker-4: Launching mavenrun-e85e6bb1-b9d4-478e-a20b-81b1c236bfdb] INFO  o.eclipse.m2e.core.internal.Bundles - 	Entry: C:\Users\satis\.p2\pool\plugins\org.eclipse.m2e.maven.runtime_3.9.900.20240824-1409\jars\jansi-2.4.1.jar
2025-02-28 15:19:33,756 [Worker-4: Launching mavenrun-e85e6bb1-b9d4-478e-a20b-81b1c236bfdb] INFO  o.eclipse.m2e.core.internal.Bundles - 	Entry: C:\Users\satis\.p2\pool\plugins\org.eclipse.m2e.maven.runtime_3.9.900.20240824-1409\jars\jcl-over-slf4j-1.7.36.jar
2025-02-28 15:19:33,757 [Worker-4: Launching mavenrun-e85e6bb1-b9d4-478e-a20b-81b1c236bfdb] INFO  o.eclipse.m2e.core.internal.Bundles - 	Entry: C:\Users\satis\.p2\pool\plugins\org.eclipse.m2e.maven.runtime_3.9.900.20240824-1409\jars\maven-artifact-3.9.9.jar
2025-02-28 15:19:33,758 [Worker-4: Launching mavenrun-e85e6bb1-b9d4-478e-a20b-81b1c236bfdb] INFO  o.eclipse.m2e.core.internal.Bundles - 	Entry: C:\Users\satis\.p2\pool\plugins\org.eclipse.m2e.maven.runtime_3.9.900.20240824-1409\jars\maven-builder-support-3.9.9.jar
2025-02-28 15:19:33,758 [Worker-4: Launching mavenrun-e85e6bb1-b9d4-478e-a20b-81b1c236bfdb] INFO  o.eclipse.m2e.core.internal.Bundles - 	Entry: C:\Users\satis\.p2\pool\plugins\org.eclipse.m2e.maven.runtime_3.9.900.20240824-1409\jars\maven-compat-3.9.9.jar
2025-02-28 15:19:33,760 [Worker-4: Launching mavenrun-e85e6bb1-b9d4-478e-a20b-81b1c236bfdb] INFO  o.eclipse.m2e.core.internal.Bundles - 	Entry: C:\Users\satis\.p2\pool\plugins\org.eclipse.m2e.maven.runtime_3.9.900.20240824-1409\jars\maven-core-3.9.9.jar
2025-02-28 15:19:33,760 [Worker-4: Launching mavenrun-e85e6bb1-b9d4-478e-a20b-81b1c236bfdb] INFO  o.eclipse.m2e.core.internal.Bundles - 	Entry: C:\Users\satis\.p2\pool\plugins\org.eclipse.m2e.maven.runtime_3.9.900.20240824-1409\jars\maven-embedder-3.9.9.jar
2025-02-28 15:19:33,761 [Worker-4: Launching mavenrun-e85e6bb1-b9d4-478e-a20b-81b1c236bfdb] INFO  o.eclipse.m2e.core.internal.Bundles - 	Entry: C:\Users\satis\.p2\pool\plugins\org.eclipse.m2e.maven.runtime_3.9.900.20240824-1409\jars\maven-model-3.9.9.jar
2025-02-28 15:19:33,761 [Worker-4: Launching mavenrun-e85e6bb1-b9d4-478e-a20b-81b1c236bfdb] INFO  o.eclipse.m2e.core.internal.Bundles - 	Entry: C:\Users\satis\.p2\pool\plugins\org.eclipse.m2e.maven.runtime_3.9.900.20240824-1409\jars\maven-model-builder-3.9.9.jar
2025-02-28 15:19:33,762 [Worker-4: Launching mavenrun-e85e6bb1-b9d4-478e-a20b-81b1c236bfdb] INFO  o.eclipse.m2e.core.internal.Bundles - 	Entry: C:\Users\satis\.p2\pool\plugins\org.eclipse.m2e.maven.runtime_3.9.900.20240824-1409\jars\maven-plugin-api-3.9.9.jar
2025-02-28 15:19:33,763 [Worker-4: Launching mavenrun-e85e6bb1-b9d4-478e-a20b-81b1c236bfdb] INFO  o.eclipse.m2e.core.internal.Bundles - 	Entry: C:\Users\satis\.p2\pool\plugins\org.eclipse.m2e.maven.runtime_3.9.900.20240824-1409\jars\maven-repository-metadata-3.9.9.jar
2025-02-28 15:19:33,763 [Worker-4: Launching mavenrun-e85e6bb1-b9d4-478e-a20b-81b1c236bfdb] INFO  o.eclipse.m2e.core.internal.Bundles - 	Entry: C:\Users\satis\.p2\pool\plugins\org.eclipse.m2e.maven.runtime_3.9.900.20240824-1409\jars\maven-resolver-api-1.9.22.jar
2025-02-28 15:19:33,765 [Worker-4: Launching mavenrun-e85e6bb1-b9d4-478e-a20b-81b1c236bfdb] INFO  o.eclipse.m2e.core.internal.Bundles - 	Entry: C:\Users\satis\.p2\pool\plugins\org.eclipse.m2e.maven.runtime_3.9.900.20240824-1409\jars\maven-resolver-connector-basic-1.9.22.jar
2025-02-28 15:19:33,767 [Worker-4: Launching mavenrun-e85e6bb1-b9d4-478e-a20b-81b1c236bfdb] INFO  o.eclipse.m2e.core.internal.Bundles - 	Entry: C:\Users\satis\.p2\pool\plugins\org.eclipse.m2e.maven.runtime_3.9.900.20240824-1409\jars\maven-resolver-impl-1.9.22.jar
2025-02-28 15:19:33,768 [Worker-4: Launching mavenrun-e85e6bb1-b9d4-478e-a20b-81b1c236bfdb] INFO  o.eclipse.m2e.core.internal.Bundles - 	Entry: C:\Users\satis\.p2\pool\plugins\org.eclipse.m2e.maven.runtime_3.9.900.20240824-1409\jars\maven-resolver-named-locks-1.9.22.jar
2025-02-28 15:19:33,770 [Worker-4: Launching mavenrun-e85e6bb1-b9d4-478e-a20b-81b1c236bfdb] INFO  o.eclipse.m2e.core.internal.Bundles - 	Entry: C:\Users\satis\.p2\pool\plugins\org.eclipse.m2e.maven.runtime_3.9.900.20240824-1409\jars\maven-resolver-provider-3.9.9.jar
2025-02-28 15:19:33,770 [Worker-4: Launching mavenrun-e85e6bb1-b9d4-478e-a20b-81b1c236bfdb] INFO  o.eclipse.m2e.core.internal.Bundles - 	Entry: C:\Users\satis\.p2\pool\plugins\org.eclipse.m2e.maven.runtime_3.9.900.20240824-1409\jars\maven-resolver-spi-1.9.22.jar
2025-02-28 15:19:33,770 [Worker-4: Launching mavenrun-e85e6bb1-b9d4-478e-a20b-81b1c236bfdb] INFO  o.eclipse.m2e.core.internal.Bundles - 	Entry: C:\Users\satis\.p2\pool\plugins\org.eclipse.m2e.maven.runtime_3.9.900.20240824-1409\jars\maven-resolver-transport-file-1.9.22.jar
2025-02-28 15:19:33,770 [Worker-4: Launching mavenrun-e85e6bb1-b9d4-478e-a20b-81b1c236bfdb] INFO  o.eclipse.m2e.core.internal.Bundles - 	Entry: C:\Users\satis\.p2\pool\plugins\org.eclipse.m2e.maven.runtime_3.9.900.20240824-1409\jars\maven-resolver-transport-http-1.9.22.jar
2025-02-28 15:19:33,770 [Worker-4: Launching mavenrun-e85e6bb1-b9d4-478e-a20b-81b1c236bfdb] INFO  o.eclipse.m2e.core.internal.Bundles - 	Entry: C:\Users\satis\.p2\pool\plugins\org.eclipse.m2e.maven.runtime_3.9.900.20240824-1409\jars\maven-resolver-transport-wagon-1.9.22.jar
2025-02-28 15:19:33,771 [Worker-4: Launching mavenrun-e85e6bb1-b9d4-478e-a20b-81b1c236bfdb] INFO  o.eclipse.m2e.core.internal.Bundles - 	Entry: C:\Users\satis\.p2\pool\plugins\org.eclipse.m2e.maven.runtime_3.9.900.20240824-1409\jars\maven-resolver-util-1.9.22.jar
2025-02-28 15:19:33,771 [Worker-4: Launching mavenrun-e85e6bb1-b9d4-478e-a20b-81b1c236bfdb] INFO  o.eclipse.m2e.core.internal.Bundles - 	Entry: C:\Users\satis\.p2\pool\plugins\org.eclipse.m2e.maven.runtime_3.9.900.20240824-1409\jars\maven-settings-3.9.9.jar
2025-02-28 15:19:33,771 [Worker-4: Launching mavenrun-e85e6bb1-b9d4-478e-a20b-81b1c236bfdb] INFO  o.eclipse.m2e.core.internal.Bundles - 	Entry: C:\Users\satis\.p2\pool\plugins\org.eclipse.m2e.maven.runtime_3.9.900.20240824-1409\jars\maven-settings-builder-3.9.9.jar
2025-02-28 15:19:33,771 [Worker-4: Launching mavenrun-e85e6bb1-b9d4-478e-a20b-81b1c236bfdb] INFO  o.eclipse.m2e.core.internal.Bundles - 	Entry: C:\Users\satis\.p2\pool\plugins\org.eclipse.m2e.maven.runtime_3.9.900.20240824-1409\jars\maven-shared-utils-3.4.2.jar
2025-02-28 15:19:33,771 [Worker-4: Launching mavenrun-e85e6bb1-b9d4-478e-a20b-81b1c236bfdb] INFO  o.eclipse.m2e.core.internal.Bundles - 	Entry: C:\Users\satis\.p2\pool\plugins\org.eclipse.m2e.maven.runtime_3.9.900.20240824-1409\jars\org.eclipse.sisu.inject-0.9.0.M3.jar
2025-02-28 15:19:33,771 [Worker-4: Launching mavenrun-e85e6bb1-b9d4-478e-a20b-81b1c236bfdb] INFO  o.eclipse.m2e.core.internal.Bundles - 	Entry: C:\Users\satis\.p2\pool\plugins\org.eclipse.m2e.maven.runtime_3.9.900.20240824-1409\jars\org.eclipse.sisu.plexus-0.9.0.M3.jar
2025-02-28 15:19:33,771 [Worker-4: Launching mavenrun-e85e6bb1-b9d4-478e-a20b-81b1c236bfdb] INFO  o.eclipse.m2e.core.internal.Bundles - 	Entry: C:\Users\satis\.p2\pool\plugins\org.eclipse.m2e.maven.runtime_3.9.900.20240824-1409\jars\plexus-build-api-0.0.7.jar
2025-02-28 15:19:33,771 [Worker-4: Launching mavenrun-e85e6bb1-b9d4-478e-a20b-81b1c236bfdb] INFO  o.eclipse.m2e.core.internal.Bundles - 	Entry: C:\Users\satis\.p2\pool\plugins\org.eclipse.m2e.maven.runtime_3.9.900.20240824-1409\jars\plexus-build-api-1.2.0.jar
2025-02-28 15:19:33,772 [Worker-4: Launching mavenrun-e85e6bb1-b9d4-478e-a20b-81b1c236bfdb] INFO  o.eclipse.m2e.core.internal.Bundles - 	Entry: C:\Users\satis\.p2\pool\plugins\org.eclipse.m2e.maven.runtime_3.9.900.20240824-1409\jars\plexus-cipher-2.0.jar
2025-02-28 15:19:33,772 [Worker-4: Launching mavenrun-e85e6bb1-b9d4-478e-a20b-81b1c236bfdb] INFO  o.eclipse.m2e.core.internal.Bundles - 	Entry: C:\Users\satis\.p2\pool\plugins\org.eclipse.m2e.maven.runtime_3.9.900.20240824-1409\jars\plexus-classworlds-2.8.0.jar
2025-02-28 15:19:33,772 [Worker-4: Launching mavenrun-e85e6bb1-b9d4-478e-a20b-81b1c236bfdb] INFO  o.eclipse.m2e.core.internal.Bundles - 	Entry: C:\Users\satis\.p2\pool\plugins\org.eclipse.m2e.maven.runtime_3.9.900.20240824-1409\jars\plexus-component-annotations-2.1.0.jar
2025-02-28 15:19:33,772 [Worker-4: Launching mavenrun-e85e6bb1-b9d4-478e-a20b-81b1c236bfdb] INFO  o.eclipse.m2e.core.internal.Bundles - 	Entry: C:\Users\satis\.p2\pool\plugins\org.eclipse.m2e.maven.runtime_3.9.900.20240824-1409\jars\plexus-interpolation-1.27.jar
2025-02-28 15:19:33,772 [Worker-4: Launching mavenrun-e85e6bb1-b9d4-478e-a20b-81b1c236bfdb] INFO  o.eclipse.m2e.core.internal.Bundles - 	Entry: C:\Users\satis\.p2\pool\plugins\org.eclipse.m2e.maven.runtime_3.9.900.20240824-1409\jars\plexus-sec-dispatcher-2.0.jar
2025-02-28 15:19:33,772 [Worker-4: Launching mavenrun-e85e6bb1-b9d4-478e-a20b-81b1c236bfdb] INFO  o.eclipse.m2e.core.internal.Bundles - 	Entry: C:\Users\satis\.p2\pool\plugins\org.eclipse.m2e.maven.runtime_3.9.900.20240824-1409\jars\plexus-utils-3.5.1.jar
2025-02-28 15:19:33,772 [Worker-4: Launching mavenrun-e85e6bb1-b9d4-478e-a20b-81b1c236bfdb] INFO  o.eclipse.m2e.core.internal.Bundles - 	Entry: C:\Users\satis\.p2\pool\plugins\org.eclipse.m2e.maven.runtime_3.9.900.20240824-1409\jars\plexus-xml-3.0.1.jar
2025-02-28 15:19:33,772 [Worker-4: Launching mavenrun-e85e6bb1-b9d4-478e-a20b-81b1c236bfdb] INFO  o.eclipse.m2e.core.internal.Bundles - 	Entry: C:\Users\satis\.p2\pool\plugins\org.eclipse.m2e.maven.runtime_3.9.900.20240824-1409\jars\wagon-file-3.5.3.jar
2025-02-28 15:19:33,772 [Worker-4: Launching mavenrun-e85e6bb1-b9d4-478e-a20b-81b1c236bfdb] INFO  o.eclipse.m2e.core.internal.Bundles - 	Entry: C:\Users\satis\.p2\pool\plugins\org.eclipse.m2e.maven.runtime_3.9.900.20240824-1409\jars\wagon-http-3.5.3.jar
2025-02-28 15:19:33,773 [Worker-4: Launching mavenrun-e85e6bb1-b9d4-478e-a20b-81b1c236bfdb] INFO  o.eclipse.m2e.core.internal.Bundles - 	Entry: C:\Users\satis\.p2\pool\plugins\org.eclipse.m2e.maven.runtime_3.9.900.20240824-1409\jars\wagon-http-shared-3.5.3.jar
2025-02-28 15:19:33,773 [Worker-4: Launching mavenrun-e85e6bb1-b9d4-478e-a20b-81b1c236bfdb] INFO  o.eclipse.m2e.core.internal.Bundles - 	Entry: C:\Users\satis\.p2\pool\plugins\org.eclipse.m2e.maven.runtime_3.9.900.20240824-1409\jars\wagon-provider-api-3.5.3.jar
2025-02-28 15:19:33,774 [Worker-4: Launching mavenrun-e85e6bb1-b9d4-478e-a20b-81b1c236bfdb] INFO  o.eclipse.m2e.core.internal.Bundles - getClasspathEntries(Bundle=com.google.guava_33.3.0.jre [16])
2025-02-28 15:19:33,775 [Worker-4: Launching mavenrun-e85e6bb1-b9d4-478e-a20b-81b1c236bfdb] INFO  o.eclipse.m2e.core.internal.Bundles - 	Entry: C:\Users\satis\.p2\pool\plugins\com.google.guava_33.3.0.jre.jar
2025-02-28 15:19:33,775 [Worker-4: Launching mavenrun-e85e6bb1-b9d4-478e-a20b-81b1c236bfdb] INFO  o.eclipse.m2e.core.internal.Bundles - getClasspathEntries(Bundle=slf4j.api_2.0.16 [1007])
2025-02-28 15:19:33,777 [Worker-4: Launching mavenrun-e85e6bb1-b9d4-478e-a20b-81b1c236bfdb] INFO  o.eclipse.m2e.core.internal.Bundles - 	Entry: C:\Users\satis\.p2\pool\plugins\slf4j.api_2.0.16.jar
2025-02-28 15:19:33,777 [Worker-4: Launching mavenrun-e85e6bb1-b9d4-478e-a20b-81b1c236bfdb] INFO  o.eclipse.m2e.core.internal.Bundles - getClasspathEntries(Bundle=jakarta.inject.jakarta.inject-api_1.0.5 [34])
2025-02-28 15:19:33,777 [Worker-4: Launching mavenrun-e85e6bb1-b9d4-478e-a20b-81b1c236bfdb] INFO  o.eclipse.m2e.core.internal.Bundles - 	Entry: C:\Users\satis\.p2\pool\plugins\jakarta.inject.jakarta.inject-api_1.0.5.jar
2025-02-28 15:19:33,777 [Worker-4: Launching mavenrun-e85e6bb1-b9d4-478e-a20b-81b1c236bfdb] INFO  o.eclipse.m2e.core.internal.Bundles - getClasspathEntries(Bundle=jakarta.annotation-api_1.3.5 [29])
2025-02-28 15:19:33,778 [Worker-4: Launching mavenrun-e85e6bb1-b9d4-478e-a20b-81b1c236bfdb] INFO  o.eclipse.m2e.core.internal.Bundles - 	Entry: C:\Users\satis\.p2\pool\plugins\jakarta.annotation-api_1.3.5.jar
2025-02-28 15:19:33,778 [Worker-4: Launching mavenrun-e85e6bb1-b9d4-478e-a20b-81b1c236bfdb] INFO  o.eclipse.m2e.core.internal.Bundles - getClasspathEntries(Bundle=org.apache.commons.cli_1.9.0 [78])
2025-02-28 15:19:33,779 [Worker-4: Launching mavenrun-e85e6bb1-b9d4-478e-a20b-81b1c236bfdb] INFO  o.eclipse.m2e.core.internal.Bundles - 	Entry: C:\Users\satis\.p2\pool\plugins\org.apache.commons.cli_1.9.0.jar
2025-02-28 15:19:33,779 [Worker-4: Launching mavenrun-e85e6bb1-b9d4-478e-a20b-81b1c236bfdb] INFO  o.eclipse.m2e.core.internal.Bundles - getClasspathEntries(Bundle=org.apache.commons.commons-codec_1.16.0 [81])
2025-02-28 15:19:33,779 [Worker-4: Launching mavenrun-e85e6bb1-b9d4-478e-a20b-81b1c236bfdb] INFO  o.eclipse.m2e.core.internal.Bundles - 	Entry: C:\Users\satis\.p2\pool\plugins\org.apache.commons.commons-codec_1.16.0.jar
2025-02-28 15:19:33,779 [Worker-4: Launching mavenrun-e85e6bb1-b9d4-478e-a20b-81b1c236bfdb] INFO  o.eclipse.m2e.core.internal.Bundles - getClasspathEntries(Bundle=com.google.guava.failureaccess_1.0.2 [17])
2025-02-28 15:19:33,780 [Worker-4: Launching mavenrun-e85e6bb1-b9d4-478e-a20b-81b1c236bfdb] INFO  o.eclipse.m2e.core.internal.Bundles - 	Entry: C:\Users\satis\.p2\pool\plugins\com.google.guava.failureaccess_1.0.2.jar
2025-02-28 15:19:33,786 [Worker-4: Launching mavenrun-e85e6bb1-b9d4-478e-a20b-81b1c236bfdb] INFO  o.e.m.i.launch.MavenLaunchDelegate - Run build in "C:\Users\satis\AppData\Local\Temp\m2e-archetypeGenerator6811686891849137775":
2025-02-28 15:19:33,788 [Worker-4: Launching mavenrun-e85e6bb1-b9d4-478e-a20b-81b1c236bfdb] INFO  o.e.m.i.launch.MavenLaunchDelegate -  mvn  -DarchetypeGroupId=org.apache.maven.archetypes -DarchetypeArtifactId=maven-archetype-webapp -DarchetypeVersion=1.5 -DgroupId=com.satishlabs -DartifactId=MavenWebProjectDemo -Dversion=0.0.1-SNAPSHOT -Dpackage=com.satishlabs.MavenWebProjectDemo -DoutputDirectory="G:\Altimetrik\Coursera-labs\Spring Boot Upskilling Path\Data Structures & Backend with Java" -Dstyle.color=always -U archetype:generate
2025-02-28 15:29:05,279 [Worker-18: Creating maven-archetype-webapp] INFO  o.e.m.c.i.p.ProjectConfigurationManager - Collecting project info '/pom.xml' G:\Altimetrik\Coursera-labs\Spring Boot Upskilling Path\Data Structures & Backend with Java\MavenWebProjectDemo\pom.xml
2025-02-28 15:29:05,864 [Worker-18: Creating maven-archetype-webapp] INFO  o.e.m.c.i.e.AbstractTransferListenerAdapter - Downloading https://repo.maven.apache.org/maven2/org/apache/maven/plugins/maven-surefire-plugin/3.3.0/maven-surefire-plugin-3.3.0.jar
2025-02-28 15:29:05,967 [Worker-18: Creating maven-archetype-webapp] INFO  o.e.m.c.i.e.AbstractTransferListenerAdapter - Downloaded https://repo.maven.apache.org/maven2/org/apache/maven/plugins/maven-surefire-plugin/3.3.0/maven-surefire-plugin-3.3.0.jar
2025-02-28 15:29:06,016 [Worker-18: Creating maven-archetype-webapp] INFO  o.e.m.c.i.e.AbstractTransferListenerAdapter - Downloading https://repo.maven.apache.org/maven2/org/apache/maven/plugins/maven-war-plugin/3.4.0/maven-war-plugin-3.4.0.jar
2025-02-28 15:29:06,061 [Worker-18: Creating maven-archetype-webapp] INFO  o.e.m.c.i.e.AbstractTransferListenerAdapter - Downloaded https://repo.maven.apache.org/maven2/org/apache/maven/plugins/maven-war-plugin/3.4.0/maven-war-plugin-3.4.0.jar
2025-02-28 15:29:06,897 [Worker-18: Creating maven-archetype-webapp] INFO  o.e.m.c.i.l.LifecycleMappingFactory - Using org.maven.ide.eclipse.wtp.WarLifecycleMapping lifecycle mapping for MavenProject: com.satishlabs:MavenWebProjectDemo:0.0.1-SNAPSHOT @ G:\Altimetrik\Coursera-labs\Spring Boot Upskilling Path\Data Structures & Backend with Java\MavenWebProjectDemo\pom.xml.
2025-02-28 15:29:07,015 [Worker-18: Creating maven-archetype-webapp] INFO  o.e.m.c.i.e.AbstractTransferListenerAdapter - Downloading https://repo.maven.apache.org/maven2/org/apache/maven/plugins/maven-surefire-plugin/3.3.0/maven-surefire-plugin-3.3.0.pom
2025-02-28 15:29:07,022 [Worker-18: Creating maven-archetype-webapp] INFO  o.e.m.c.i.e.AbstractTransferListenerAdapter - Downloaded https://repo.maven.apache.org/maven2/org/apache/maven/plugins/maven-surefire-plugin/3.3.0/maven-surefire-plugin-3.3.0.pom
2025-02-28 15:29:07,073 [Worker-18: Creating maven-archetype-webapp] INFO  o.e.m.c.i.e.AbstractTransferListenerAdapter - Downloading https://repo.maven.apache.org/maven2/org/apache/maven/surefire/surefire/3.3.0/surefire-3.3.0.pom
2025-02-28 15:29:07,084 [Worker-18: Creating maven-archetype-webapp] INFO  o.e.m.c.i.e.AbstractTransferListenerAdapter - Downloaded https://repo.maven.apache.org/maven2/org/apache/maven/surefire/surefire/3.3.0/surefire-3.3.0.pom
2025-02-28 15:29:07,177 [Worker-18: Creating maven-archetype-webapp] INFO  o.e.m.c.i.e.AbstractTransferListenerAdapter - Downloading https://repo.maven.apache.org/maven2/org/apache/maven/plugins/maven-war-plugin/3.4.0/maven-war-plugin-3.4.0.pom
2025-02-28 15:29:07,181 [Worker-18: Creating maven-archetype-webapp] INFO  o.e.m.c.i.e.AbstractTransferListenerAdapter - Downloaded https://repo.maven.apache.org/maven2/org/apache/maven/plugins/maven-war-plugin/3.4.0/maven-war-plugin-3.4.0.pom
2025-02-28 15:29:07,316 [Worker-18: Creating maven-archetype-webapp] INFO  o.e.m.c.i.e.AbstractTransferListenerAdapter - Downloading https://repo.maven.apache.org/maven2/org/codehaus/plexus/plexus-archiver/4.7.1/plexus-archiver-4.7.1.pom
2025-02-28 15:29:07,320 [Worker-18: Creating maven-archetype-webapp] INFO  o.e.m.c.i.e.AbstractTransferListenerAdapter - Downloaded https://repo.maven.apache.org/maven2/org/codehaus/plexus/plexus-archiver/4.7.1/plexus-archiver-4.7.1.pom
2025-02-28 15:29:07,376 [Worker-18: Creating maven-archetype-webapp] INFO  o.e.m.c.i.e.AbstractTransferListenerAdapter - Downloading https://repo.maven.apache.org/maven2/org/codehaus/plexus/plexus-io/3.4.1/plexus-io-3.4.1.pom
2025-02-28 15:29:07,404 [Worker-18: Creating maven-archetype-webapp] INFO  o.e.m.c.i.e.AbstractTransferListenerAdapter - Downloaded https://repo.maven.apache.org/maven2/org/codehaus/plexus/plexus-io/3.4.1/plexus-io-3.4.1.pom
2025-02-28 15:29:07,460 [Worker-18: Creating maven-archetype-webapp] INFO  o.e.m.c.i.e.AbstractTransferListenerAdapter - Downloading https://repo.maven.apache.org/maven2/org/apache/commons/commons-compress/1.23.0/commons-compress-1.23.0.pom
2025-02-28 15:29:07,466 [Worker-18: Creating maven-archetype-webapp] INFO  o.e.m.c.i.e.AbstractTransferListenerAdapter - Downloaded https://repo.maven.apache.org/maven2/org/apache/commons/commons-compress/1.23.0/commons-compress-1.23.0.pom
2025-02-28 15:29:08,345 [Worker-18: Creating maven-archetype-webapp] INFO  o.e.m.c.i.e.AbstractTransferListenerAdapter - Downloading https://repo.maven.apache.org/maven2/com/github/luben/zstd-jni/1.5.5-2/zstd-jni-1.5.5-2.pom
2025-02-28 15:29:08,393 [Worker-18: Creating maven-archetype-webapp] INFO  o.e.m.c.i.e.AbstractTransferListenerAdapter - Downloaded https://repo.maven.apache.org/maven2/com/github/luben/zstd-jni/1.5.5-2/zstd-jni-1.5.5-2.pom
2025-02-28 15:29:08,580 [Worker-18: Creating maven-archetype-webapp] INFO  o.e.m.c.i.e.AbstractTransferListenerAdapter - Downloading https://repo.maven.apache.org/maven2/org/apache/maven/shared/maven-mapping/3.0.0/maven-mapping-3.0.0.pom
2025-02-28 15:29:08,718 [Worker-18: Creating maven-archetype-webapp] INFO  o.e.m.c.i.e.AbstractTransferListenerAdapter - Downloaded https://repo.maven.apache.org/maven2/org/apache/maven/shared/maven-mapping/3.0.0/maven-mapping-3.0.0.pom
2025-02-28 15:29:09,302 [Worker-18: Creating maven-archetype-webapp] INFO  o.e.m.c.i.e.AbstractTransferListenerAdapter - Downloading https://repo.maven.apache.org/maven2/org/apache/maven/maven-settings/3.2.5/maven-settings-3.2.5.pom
2025-02-28 15:29:09,306 [Worker-18: Creating maven-archetype-webapp] INFO  o.e.m.c.i.e.AbstractTransferListenerAdapter - Downloaded https://repo.maven.apache.org/maven2/org/apache/maven/maven-settings/3.2.5/maven-settings-3.2.5.pom
2025-02-28 15:29:09,347 [Worker-18: Creating maven-archetype-webapp] INFO  o.e.m.c.i.e.AbstractTransferListenerAdapter - Downloading https://repo.maven.apache.org/maven2/org/apache/maven/maven/3.2.5/maven-3.2.5.pom
2025-02-28 15:29:09,350 [Worker-18: Creating maven-archetype-webapp] INFO  o.e.m.c.i.e.AbstractTransferListenerAdapter - Downloaded https://repo.maven.apache.org/maven2/org/apache/maven/maven/3.2.5/maven-3.2.5.pom
2025-02-28 15:29:09,697 [Worker-18: Creating maven-archetype-webapp] INFO  o.e.m.c.i.e.AbstractTransferListenerAdapter - Downloading https://repo.maven.apache.org/maven2/org/codehaus/plexus/plexus-interpolation/1.21/plexus-interpolation-1.21.pom
2025-02-28 15:29:09,703 [Worker-18: Creating maven-archetype-webapp] INFO  o.e.m.c.i.e.AbstractTransferListenerAdapter - Downloaded https://repo.maven.apache.org/maven2/org/codehaus/plexus/plexus-interpolation/1.21/plexus-interpolation-1.21.pom
2025-02-28 15:29:09,898 [Worker-18: Creating maven-archetype-webapp] INFO  o.e.m.c.i.e.AbstractTransferListenerAdapter - Downloading https://repo.maven.apache.org/maven2/org/codehaus/plexus/plexus-archiver/4.7.1/plexus-archiver-4.7.1.jar
2025-02-28 15:29:09,963 [Worker-18: Creating maven-archetype-webapp] INFO  o.e.m.c.i.e.AbstractTransferListenerAdapter - Downloaded https://repo.maven.apache.org/maven2/org/codehaus/plexus/plexus-archiver/4.7.1/plexus-archiver-4.7.1.jar
2025-02-28 15:29:10,021 [BasicRepositoryConnector-repo.maven.apache.org-0-0] INFO  o.e.m.c.i.e.AbstractTransferListenerAdapter - Downloading https://repo.maven.apache.org/maven2/org/apache/commons/commons-compress/1.23.0/commons-compress-1.23.0.jar
2025-02-28 15:29:10,141 [BasicRepositoryConnector-repo.maven.apache.org-0-2] INFO  o.e.m.c.i.e.AbstractTransferListenerAdapter - Downloading https://repo.maven.apache.org/maven2/org/apache/maven/shared/maven-mapping/3.0.0/maven-mapping-3.0.0.jar
2025-02-28 15:29:10,157 [BasicRepositoryConnector-repo.maven.apache.org-0-1] INFO  o.e.m.c.i.e.AbstractTransferListenerAdapter - Downloading https://repo.maven.apache.org/maven2/com/github/luben/zstd-jni/1.5.5-2/zstd-jni-1.5.5-2.jar
2025-02-28 15:29:10,166 [BasicRepositoryConnector-repo.maven.apache.org-0-2] INFO  o.e.m.c.i.e.AbstractTransferListenerAdapter - Downloaded https://repo.maven.apache.org/maven2/org/apache/maven/shared/maven-mapping/3.0.0/maven-mapping-3.0.0.jar
2025-02-28 15:29:10,171 [BasicRepositoryConnector-repo.maven.apache.org-0-0] INFO  o.e.m.c.i.e.AbstractTransferListenerAdapter - Downloaded https://repo.maven.apache.org/maven2/org/apache/commons/commons-compress/1.23.0/commons-compress-1.23.0.jar
2025-02-28 15:29:11,256 [BasicRepositoryConnector-repo.maven.apache.org-0-1] INFO  o.e.m.c.i.e.AbstractTransferListenerAdapter - Downloaded https://repo.maven.apache.org/maven2/com/github/luben/zstd-jni/1.5.5-2/zstd-jni-1.5.5-2.jar
2025-02-28 15:29:13,190 [Worker-18: Creating maven-archetype-webapp] INFO  o.e.m.j.i.AbstractJavaProjectConfigurator - Adding source folder /MavenWebProjectDemo/src/main/java
2025-02-28 15:29:13,192 [Worker-18: Creating maven-archetype-webapp] INFO  o.e.m.j.i.AbstractJavaProjectConfigurator - Adding resource folder /MavenWebProjectDemo/src/main/resources
2025-02-28 15:29:13,193 [Worker-18: Creating maven-archetype-webapp] INFO  o.e.m.j.i.AbstractJavaProjectConfigurator - Adding source folder /MavenWebProjectDemo/src/test/java
2025-02-28 15:29:13,194 [Worker-18: Creating maven-archetype-webapp] INFO  o.e.m.j.i.AbstractJavaProjectConfigurator - Adding resource folder /MavenWebProjectDemo/src/test/resources
2025-02-28 15:29:14,208 [Worker-26: Download sources and javadoc] INFO  o.e.m.c.i.e.AbstractTransferListenerAdapter - Downloading https://repo.maven.apache.org/maven2/junit/junit/4.13.1/junit-4.13.1-sources.jar
2025-02-28 15:29:14,500 [Worker-26: Download sources and javadoc] INFO  o.e.m.c.i.e.AbstractTransferListenerAdapter - Downloaded https://repo.maven.apache.org/maven2/junit/junit/4.13.1/junit-4.13.1-sources.jar
2025-02-28 15:29:14,506 [Worker-26: Download sources and javadoc] INFO  o.e.m.j.internal.DownloadSourcesJob - Downloaded sources for junit:junit:4.13.1
2025-02-28 15:29:14,766 [Worker-26: Download sources and javadoc] INFO  o.e.m.c.i.e.AbstractTransferListenerAdapter - Downloading https://repo.maven.apache.org/maven2/org/hamcrest/hamcrest-core/1.3/hamcrest-core-1.3-sources.jar
2025-02-28 15:29:14,773 [Worker-26: Download sources and javadoc] INFO  o.e.m.c.i.e.AbstractTransferListenerAdapter - Downloaded https://repo.maven.apache.org/maven2/org/hamcrest/hamcrest-core/1.3/hamcrest-core-1.3-sources.jar
2025-02-28 15:29:14,778 [Worker-26: Download sources and javadoc] INFO  o.e.m.j.internal.DownloadSourcesJob - Downloaded sources for org.hamcrest:hamcrest-core:1.3
2025-02-28 15:29:15,882 [Worker-18: Creating maven-archetype-webapp] INFO  o.e.m.c.i.p.ProjectConfigurationManager - Imported and configured 1 project(s) in 10 sec
2025-02-28 15:29:17,182 [Worker-22: Building] INFO  o.a.m.s.f.DefaultMavenResourcesFiltering - skip non existing resourceDirectory G:\Altimetrik\Coursera-labs\Spring Boot Upskilling Path\Data Structures & Backend with Java\MavenWebProjectDemo\src\main\resources
2025-02-28 15:29:17,187 [Worker-22: Building] INFO  o.a.m.s.f.DefaultMavenResourcesFiltering - skip non existing resourceDirectory G:\Altimetrik\Coursera-labs\Spring Boot Upskilling Path\Data Structures & Backend with Java\MavenWebProjectDemo\src\test\resources
2025-02-28 15:29:46,626 [Worker-30: Cleaning all projects] INFO  o.e.m.w.i.f.ResourceFilteringBuildParticipant - Cleaning filtered folder for MavenWebProjectDemo
2025-02-28 15:29:47,304 [Worker-22: Building] INFO  o.a.m.s.f.DefaultMavenResourcesFiltering - skip non existing resourceDirectory G:\Altimetrik\Coursera-labs\Spring Boot Upskilling Path\Data Structures & Backend with Java\MavenWebProjectDemo\src\main\resources
2025-02-28 15:29:47,307 [Worker-22: Building] INFO  o.a.m.s.f.DefaultMavenResourcesFiltering - skip non existing resourceDirectory G:\Altimetrik\Coursera-labs\Spring Boot Upskilling Path\Data Structures & Backend with Java\MavenWebProjectDemo\src\test\resources
2025-02-28 15:29:47,308 [Worker-22: Building] INFO  o.e.m.w.i.f.ResourceFilteringBuildParticipant - Changed resources require a complete clean of filtered resources of MavenWebProjectDemo
2025-02-28 15:29:47,308 [Worker-22: Building] INFO  o.e.m.w.i.f.ResourceFilteringBuildParticipant - Executing resource filtering for MavenWebProjectDemo
2025-02-28 15:29:56,205 [Worker-24: Cleaning all projects] INFO  o.e.m.w.i.f.ResourceFilteringBuildParticipant - Cleaning filtered folder for MavenWebProjectDemo
2025-02-28 15:29:56,701 [Worker-27: Building] INFO  o.a.m.s.f.DefaultMavenResourcesFiltering - skip non existing resourceDirectory G:\Altimetrik\Coursera-labs\Spring Boot Upskilling Path\Data Structures & Backend with Java\MavenWebProjectDemo\src\main\resources
2025-02-28 15:29:56,704 [Worker-27: Building] INFO  o.a.m.s.f.DefaultMavenResourcesFiltering - skip non existing resourceDirectory G:\Altimetrik\Coursera-labs\Spring Boot Upskilling Path\Data Structures & Backend with Java\MavenWebProjectDemo\src\test\resources
2025-02-28 15:29:56,704 [Worker-27: Building] INFO  o.e.m.w.i.f.ResourceFilteringBuildParticipant - Changed resources require a complete clean of filtered resources of MavenWebProjectDemo
2025-02-28 15:29:56,704 [Worker-27: Building] INFO  o.e.m.w.i.f.ResourceFilteringBuildParticipant - Executing resource filtering for MavenWebProjectDemo
2025-02-28 15:30:07,319 [Worker-28: Updating Maven Project] INFO  o.e.m.c.i.p.ProjectConfigurationManager - Update started
2025-02-28 15:30:07,387 [Worker-28: Updating Maven Project] INFO  o.e.m.c.i.l.LifecycleMappingFactory - Using org.maven.ide.eclipse.wtp.WarLifecycleMapping lifecycle mapping for MavenProject: com.satishlabs:MavenWebProjectDemo:0.0.1-SNAPSHOT @ G:\Altimetrik\Coursera-labs\Spring Boot Upskilling Path\Data Structures & Backend with Java\MavenWebProjectDemo\pom.xml.
2025-02-28 15:30:07,532 [Worker-28: Updating Maven Project] INFO  o.e.m.j.i.AbstractJavaProjectConfigurator - Adding source folder /MavenWebProjectDemo/src/main/java
2025-02-28 15:30:07,533 [Worker-28: Updating Maven Project] INFO  o.e.m.j.i.AbstractJavaProjectConfigurator - Adding resource folder /MavenWebProjectDemo/src/main/resources
2025-02-28 15:30:07,534 [Worker-28: Updating Maven Project] INFO  o.e.m.j.i.AbstractJavaProjectConfigurator - Adding source folder /MavenWebProjectDemo/src/test/java
2025-02-28 15:30:07,534 [Worker-28: Updating Maven Project] INFO  o.e.m.j.i.AbstractJavaProjectConfigurator - Adding resource folder /MavenWebProjectDemo/src/test/resources
2025-02-28 15:30:07,655 [Worker-28: Updating Maven Project] INFO  o.e.m.w.i.f.ResourceFilteringBuildParticipant - Cleaning filtered folder for MavenWebProjectDemo
2025-02-28 15:30:07,665 [Worker-28: Updating Maven Project] INFO  o.e.m.c.i.p.ProjectConfigurationManager - Update completed for 1 poms: local refresh takes 0.00 sec, refresh facades takes 0.00 sec, update config takes 0.00 sec 
2025-02-28 15:30:07,939 [Worker-22: Building] INFO  o.a.m.s.f.DefaultMavenResourcesFiltering - skip non existing resourceDirectory G:\Altimetrik\Coursera-labs\Spring Boot Upskilling Path\Data Structures & Backend with Java\MavenWebProjectDemo\src\main\resources
2025-02-28 15:30:07,944 [Worker-22: Building] INFO  o.a.m.s.f.DefaultMavenResourcesFiltering - skip non existing resourceDirectory G:\Altimetrik\Coursera-labs\Spring Boot Upskilling Path\Data Structures & Backend with Java\MavenWebProjectDemo\src\test\resources
2025-02-28 15:30:07,944 [Worker-22: Building] INFO  o.e.m.w.i.f.ResourceFilteringBuildParticipant - Changed resources require a complete clean of filtered resources of MavenWebProjectDemo
2025-02-28 15:30:07,944 [Worker-22: Building] INFO  o.e.m.w.i.f.ResourceFilteringBuildParticipant - Executing resource filtering for MavenWebProjectDemo
2025-02-28 15:30:30,172 [Worker-4: Building] INFO  o.a.m.s.f.DefaultMavenResourcesFiltering - skip non existing resourceDirectory G:\Altimetrik\Coursera-labs\Spring Boot Upskilling Path\Data Structures & Backend with Java\MavenWebProjectDemo\src\main\resources
2025-02-28 15:30:30,174 [Worker-4: Building] INFO  o.a.m.s.f.DefaultMavenResourcesFiltering - skip non existing resourceDirectory G:\Altimetrik\Coursera-labs\Spring Boot Upskilling Path\Data Structures & Backend with Java\MavenWebProjectDemo\src\test\resources
2025-02-28 15:32:34,699 [Worker-29: Building] INFO  o.a.m.s.f.DefaultMavenResourcesFiltering - skip non existing resourceDirectory G:\Altimetrik\Coursera-labs\Spring Boot Upskilling Path\Data Structures & Backend with Java\MavenWebProjectDemo\src\main\resources
2025-02-28 15:32:34,708 [Worker-29: Building] INFO  o.a.m.s.f.DefaultMavenResourcesFiltering - skip non existing resourceDirectory G:\Altimetrik\Coursera-labs\Spring Boot Upskilling Path\Data Structures & Backend with Java\MavenWebProjectDemo\src\test\resources
2025-02-28 15:33:09,720 [Worker-28: Cleaning all projects] INFO  o.e.m.w.i.f.ResourceFilteringBuildParticipant - Cleaning filtered folder for MavenWebProjectDemo
2025-02-28 15:33:10,099 [Worker-26: Building] INFO  o.a.m.s.f.DefaultMavenResourcesFiltering - skip non existing resourceDirectory G:\Altimetrik\Coursera-labs\Spring Boot Upskilling Path\Data Structures & Backend with Java\MavenWebProjectDemo\src\main\resources
2025-02-28 15:33:10,102 [Worker-26: Building] INFO  o.a.m.s.f.DefaultMavenResourcesFiltering - skip non existing resourceDirectory G:\Altimetrik\Coursera-labs\Spring Boot Upskilling Path\Data Structures & Backend with Java\MavenWebProjectDemo\src\test\resources
2025-02-28 15:33:10,102 [Worker-26: Building] INFO  o.e.m.w.i.f.ResourceFilteringBuildParticipant - Changed resources require a complete clean of filtered resources of MavenWebProjectDemo
2025-02-28 15:33:10,102 [Worker-26: Building] INFO  o.e.m.w.i.f.ResourceFilteringBuildParticipant - Executing resource filtering for MavenWebProjectDemo
2025-02-28 15:33:43,320 [Worker-4: Building] INFO  o.e.m.c.i.l.LifecycleMappingFactory - Using org.maven.ide.eclipse.wtp.WarLifecycleMapping lifecycle mapping for MavenProject: com.satishlabs:MavenWebProjectDemo:0.0.1-SNAPSHOT @ G:\Altimetrik\Coursera-labs\Spring Boot Upskilling Path\Data Structures & Backend with Java\MavenWebProjectDemo\pom.xml.
2025-02-28 15:33:43,536 [Worker-4: Building] INFO  o.e.m.c.i.e.AbstractTransferListenerAdapter - Downloading https://repo.maven.apache.org/maven2/javax/servlet/javax.servlet-api/3.1.0/javax.servlet-api-3.1.0.pom
2025-02-28 15:33:43,549 [Worker-4: Building] INFO  o.e.m.c.i.e.AbstractTransferListenerAdapter - Downloaded https://repo.maven.apache.org/maven2/javax/servlet/javax.servlet-api/3.1.0/javax.servlet-api-3.1.0.pom
2025-02-28 15:33:43,614 [Worker-4: Building] INFO  o.e.m.c.i.e.AbstractTransferListenerAdapter - Downloading https://repo.maven.apache.org/maven2/javax/servlet/javax.servlet-api/3.1.0/javax.servlet-api-3.1.0.jar
2025-02-28 15:33:43,717 [Worker-4: Building] INFO  o.e.m.c.i.e.AbstractTransferListenerAdapter - Downloaded https://repo.maven.apache.org/maven2/javax/servlet/javax.servlet-api/3.1.0/javax.servlet-api-3.1.0.jar
2025-02-28 15:33:43,854 [Worker-4: Building] INFO  o.a.m.s.f.DefaultMavenResourcesFiltering - skip non existing resourceDirectory G:\Altimetrik\Coursera-labs\Spring Boot Upskilling Path\Data Structures & Backend with Java\MavenWebProjectDemo\src\main\resources
2025-02-28 15:33:43,859 [Worker-4: Building] INFO  o.a.m.s.f.DefaultMavenResourcesFiltering - skip non existing resourceDirectory G:\Altimetrik\Coursera-labs\Spring Boot Upskilling Path\Data Structures & Backend with Java\MavenWebProjectDemo\src\test\resources
2025-02-28 15:33:43,859 [Worker-4: Building] INFO  o.e.m.w.i.f.ResourceFilteringBuildParticipant - Changed resources require a complete clean of filtered resources of MavenWebProjectDemo
2025-02-28 15:33:43,859 [Worker-4: Building] INFO  o.e.m.w.i.f.ResourceFilteringBuildParticipant - Executing resource filtering for MavenWebProjectDemo
2025-02-28 15:33:44,958 [Worker-4: Download sources and javadoc] INFO  o.e.m.c.i.e.AbstractTransferListenerAdapter - Downloading https://repo.maven.apache.org/maven2/javax/servlet/javax.servlet-api/3.1.0/javax.servlet-api-3.1.0-sources.jar
2025-02-28 15:33:45,127 [Worker-4: Download sources and javadoc] INFO  o.e.m.c.i.e.AbstractTransferListenerAdapter - Downloaded https://repo.maven.apache.org/maven2/javax/servlet/javax.servlet-api/3.1.0/javax.servlet-api-3.1.0-sources.jar
2025-02-28 15:33:45,130 [Worker-4: Download sources and javadoc] INFO  o.e.m.j.internal.DownloadSourcesJob - Downloaded sources for javax.servlet:javax.servlet-api:3.1.0
2025-02-28 15:33:49,367 [Worker-29: Cleaning all projects] INFO  o.e.m.w.i.f.ResourceFilteringBuildParticipant - Cleaning filtered folder for MavenWebProjectDemo
2025-02-28 15:33:49,738 [Worker-31: Building] INFO  o.a.m.s.f.DefaultMavenResourcesFiltering - skip non existing resourceDirectory G:\Altimetrik\Coursera-labs\Spring Boot Upskilling Path\Data Structures & Backend with Java\MavenWebProjectDemo\src\main\resources
2025-02-28 15:33:49,741 [Worker-31: Building] INFO  o.a.m.s.f.DefaultMavenResourcesFiltering - skip non existing resourceDirectory G:\Altimetrik\Coursera-labs\Spring Boot Upskilling Path\Data Structures & Backend with Java\MavenWebProjectDemo\src\test\resources
2025-02-28 15:33:49,741 [Worker-31: Building] INFO  o.e.m.w.i.f.ResourceFilteringBuildParticipant - Changed resources require a complete clean of filtered resources of MavenWebProjectDemo
2025-02-28 15:33:49,741 [Worker-31: Building] INFO  o.e.m.w.i.f.ResourceFilteringBuildParticipant - Executing resource filtering for MavenWebProjectDemo
2025-02-28 15:33:57,810 [Worker-4: Updating Maven Project] INFO  o.e.m.c.i.p.ProjectConfigurationManager - Update started
2025-02-28 15:33:57,860 [Worker-4: Updating Maven Project] INFO  o.e.m.c.i.l.LifecycleMappingFactory - Using org.maven.ide.eclipse.wtp.WarLifecycleMapping lifecycle mapping for MavenProject: com.satishlabs:MavenWebProjectDemo:0.0.1-SNAPSHOT @ G:\Altimetrik\Coursera-labs\Spring Boot Upskilling Path\Data Structures & Backend with Java\MavenWebProjectDemo\pom.xml.
2025-02-28 15:33:57,963 [Worker-4: Updating Maven Project] INFO  o.e.m.j.i.AbstractJavaProjectConfigurator - Adding source folder /MavenWebProjectDemo/src/main/java
2025-02-28 15:33:57,963 [Worker-4: Updating Maven Project] INFO  o.e.m.j.i.AbstractJavaProjectConfigurator - Adding resource folder /MavenWebProjectDemo/src/main/resources
2025-02-28 15:33:57,964 [Worker-4: Updating Maven Project] INFO  o.e.m.j.i.AbstractJavaProjectConfigurator - Adding source folder /MavenWebProjectDemo/src/test/java
2025-02-28 15:33:57,964 [Worker-4: Updating Maven Project] INFO  o.e.m.j.i.AbstractJavaProjectConfigurator - Adding resource folder /MavenWebProjectDemo/src/test/resources
2025-02-28 15:33:58,142 [Worker-4: Updating Maven Project] INFO  o.e.m.w.i.f.ResourceFilteringBuildParticipant - Cleaning filtered folder for MavenWebProjectDemo
2025-02-28 15:33:58,154 [Worker-4: Updating Maven Project] INFO  o.e.m.c.i.p.ProjectConfigurationManager - Update completed for 1 poms: local refresh takes 0.00 sec, refresh facades takes 0.00 sec, update config takes 0.00 sec 
2025-02-28 15:33:58,373 [Worker-26: Building] INFO  o.a.m.s.f.DefaultMavenResourcesFiltering - skip non existing resourceDirectory G:\Altimetrik\Coursera-labs\Spring Boot Upskilling Path\Data Structures & Backend with Java\MavenWebProjectDemo\src\main\resources
2025-02-28 15:33:58,377 [Worker-26: Building] INFO  o.a.m.s.f.DefaultMavenResourcesFiltering - skip non existing resourceDirectory G:\Altimetrik\Coursera-labs\Spring Boot Upskilling Path\Data Structures & Backend with Java\MavenWebProjectDemo\src\test\resources
2025-02-28 15:33:58,377 [Worker-26: Building] INFO  o.e.m.w.i.f.ResourceFilteringBuildParticipant - Changed resources require a complete clean of filtered resources of MavenWebProjectDemo
2025-02-28 15:33:58,377 [Worker-26: Building] INFO  o.e.m.w.i.f.ResourceFilteringBuildParticipant - Executing resource filtering for MavenWebProjectDemo
2025-02-28 15:35:11,639 [Worker-4: Building] INFO  o.a.m.s.f.DefaultMavenResourcesFiltering - skip non existing resourceDirectory G:\Altimetrik\Coursera-labs\Spring Boot Upskilling Path\Data Structures & Backend with Java\MavenWebProjectDemo\src\main\resources
2025-02-28 15:35:11,643 [Worker-4: Building] INFO  o.a.m.s.f.DefaultMavenResourcesFiltering - skip non existing resourceDirectory G:\Altimetrik\Coursera-labs\Spring Boot Upskilling Path\Data Structures & Backend with Java\MavenWebProjectDemo\src\test\resources
2025-02-28 23:24:48,572 [Worker-50: Creating project "SpringIocContianerExample"] INFO  o.e.m.c.i.l.LifecycleMappingFactory - Using org.eclipse.m2e.jdt.JarLifecycleMapping lifecycle mapping for MavenProject: com.satishlabs:SpringIocContianerExample:0.0.1-SNAPSHOT @ G:\Altimetrik\Coursera-labs\Spring Boot Upskilling Path\Data Structures & Backend with Java\SpringIocContianerExample\pom.xml.
2025-02-28 23:24:50,336 [Worker-50: Creating project "SpringIocContianerExample"] INFO  o.e.m.j.i.AbstractJavaProjectConfigurator - Adding source folder /SpringIocContianerExample/src/main/java
2025-02-28 23:24:50,336 [Worker-50: Creating project "SpringIocContianerExample"] INFO  o.e.m.j.i.AbstractJavaProjectConfigurator - Adding resource folder /SpringIocContianerExample/src/main/resources
2025-02-28 23:24:50,337 [Worker-50: Creating project "SpringIocContianerExample"] INFO  o.e.m.j.i.AbstractJavaProjectConfigurator - Adding source folder /SpringIocContianerExample/src/test/java
2025-02-28 23:24:50,337 [Worker-50: Creating project "SpringIocContianerExample"] INFO  o.e.m.j.i.AbstractJavaProjectConfigurator - Adding resource folder /SpringIocContianerExample/src/test/resources
2025-02-28 23:25:00,453 [Worker-57: Building] WARN  o.a.m.s.f.DefaultMavenResourcesFiltering - Using platform encoding (UTF-8 actually) to copy filtered resources, i.e. build is platform dependent!
2025-02-28 23:25:01,708 [Worker-57: Building] INFO  o.a.m.s.f.DefaultMavenResourcesFiltering - Copying 0 resource from src\main\resources to target\classes
2025-02-28 23:25:01,723 [Worker-57: Building] WARN  o.a.m.s.f.DefaultMavenResourcesFiltering - Using platform encoding (UTF-8 actually) to copy filtered resources, i.e. build is platform dependent!
2025-02-28 23:25:01,727 [Worker-57: Building] INFO  o.a.m.s.f.DefaultMavenResourcesFiltering - Copying 0 resource from src\test\resources to target\test-classes
2025-02-28 23:26:53,764 [Worker-65: Building] WARN  o.a.m.s.f.DefaultMavenResourcesFiltering - Using platform encoding (UTF-8 actually) to copy filtered resources, i.e. build is platform dependent!
2025-02-28 23:26:53,766 [Worker-65: Building] INFO  o.a.m.s.f.DefaultMavenResourcesFiltering - Copying 0 resource from src\main\resources to target\classes
2025-02-28 23:26:53,768 [Worker-65: Building] WARN  o.a.m.s.f.DefaultMavenResourcesFiltering - Using platform encoding (UTF-8 actually) to copy filtered resources, i.e. build is platform dependent!
2025-02-28 23:26:53,769 [Worker-65: Building] INFO  o.a.m.s.f.DefaultMavenResourcesFiltering - Copying 0 resource from src\test\resources to target\test-classes
2025-02-28 23:27:08,024 [Worker-66: Updating Maven Project] INFO  o.e.m.c.i.p.ProjectConfigurationManager - Update started
2025-02-28 23:27:08,378 [Worker-66: Updating Maven Project] INFO  o.e.m.c.i.l.LifecycleMappingFactory - Using org.eclipse.m2e.jdt.JarLifecycleMapping lifecycle mapping for MavenProject: com.satishlabs:SpringIocContianerExample:0.0.1-SNAPSHOT @ G:\Altimetrik\Coursera-labs\Spring Boot Upskilling Path\Data Structures & Backend with Java\SpringIocContianerExample\pom.xml.
2025-02-28 23:27:08,411 [Worker-66: Updating Maven Project] INFO  o.e.m.c.i.l.LifecycleMappingFactory - Using org.maven.ide.eclipse.wtp.WarLifecycleMapping lifecycle mapping for MavenProject: com.satishlabs:MavenWebProjectDemo:0.0.1-SNAPSHOT @ G:\Altimetrik\Coursera-labs\Spring Boot Upskilling Path\Data Structures & Backend with Java\MavenWebProjectDemo\pom.xml.
2025-02-28 23:27:08,726 [Worker-66: Updating Maven Project] INFO  o.e.m.j.i.AbstractJavaProjectConfigurator - Adding source folder /SpringIocContianerExample/src/main/java
2025-02-28 23:27:08,726 [Worker-66: Updating Maven Project] INFO  o.e.m.j.i.AbstractJavaProjectConfigurator - Adding resource folder /SpringIocContianerExample/src/main/resources
2025-02-28 23:27:08,726 [Worker-66: Updating Maven Project] INFO  o.e.m.j.i.AbstractJavaProjectConfigurator - Adding source folder /SpringIocContianerExample/src/test/java
2025-02-28 23:27:08,728 [Worker-66: Updating Maven Project] INFO  o.e.m.j.i.AbstractJavaProjectConfigurator - Adding resource folder /SpringIocContianerExample/src/test/resources
2025-02-28 23:27:09,448 [Worker-66: Updating Maven Project] INFO  o.e.m.c.i.p.ProjectConfigurationManager - Update completed for 1 poms: local refresh takes 0.00 sec, refresh facades takes 0.00 sec, update config takes 0.00 sec 
2025-02-28 23:27:09,601 [Worker-57: Building] WARN  o.a.m.s.f.DefaultMavenResourcesFiltering - Using platform encoding (UTF-8 actually) to copy filtered resources, i.e. build is platform dependent!
2025-02-28 23:27:09,602 [Worker-57: Building] INFO  o.a.m.s.f.DefaultMavenResourcesFiltering - Copying 0 resource from src\main\resources to target\classes
2025-02-28 23:27:09,607 [Worker-57: Building] WARN  o.a.m.s.f.DefaultMavenResourcesFiltering - Using platform encoding (UTF-8 actually) to copy filtered resources, i.e. build is platform dependent!
2025-02-28 23:27:09,607 [Worker-57: Building] INFO  o.a.m.s.f.DefaultMavenResourcesFiltering - Copying 0 resource from src\test\resources to target\test-classes
2025-02-28 23:29:30,969 [Worker-57: Building] INFO  o.e.m.c.i.l.LifecycleMappingFactory - Using org.eclipse.m2e.jdt.JarLifecycleMapping lifecycle mapping for MavenProject: com.satishlabs:SpringIocContianerExample:0.0.1-SNAPSHOT @ G:\Altimetrik\Coursera-labs\Spring Boot Upskilling Path\Data Structures & Backend with Java\SpringIocContianerExample\pom.xml.
2025-02-28 23:29:31,266 [Worker-57: Building] WARN  o.a.m.s.f.DefaultMavenResourcesFiltering - Using platform encoding (UTF-8 actually) to copy filtered resources, i.e. build is platform dependent!
2025-02-28 23:29:31,274 [Worker-57: Building] INFO  o.a.m.s.f.DefaultMavenResourcesFiltering - Copying 0 resource from src\main\resources to target\classes
2025-02-28 23:29:31,284 [Worker-57: Building] WARN  o.a.m.s.f.DefaultMavenResourcesFiltering - Using platform encoding (UTF-8 actually) to copy filtered resources, i.e. build is platform dependent!
2025-02-28 23:29:31,285 [Worker-57: Building] INFO  o.a.m.s.f.DefaultMavenResourcesFiltering - Copying 0 resource from src\test\resources to target\test-classes
2025-02-28 23:29:32,310 [Worker-57: Building] WARN  o.a.m.s.f.DefaultMavenResourcesFiltering - Using platform encoding (UTF-8 actually) to copy filtered resources, i.e. build is platform dependent!
2025-02-28 23:29:32,312 [Worker-57: Building] INFO  o.a.m.s.f.DefaultMavenResourcesFiltering - Copying 0 resource from src\main\resources to target\classes
2025-02-28 23:29:32,316 [Worker-57: Building] WARN  o.a.m.s.f.DefaultMavenResourcesFiltering - Using platform encoding (UTF-8 actually) to copy filtered resources, i.e. build is platform dependent!
2025-02-28 23:29:32,318 [Worker-57: Building] INFO  o.a.m.s.f.DefaultMavenResourcesFiltering - Copying 0 resource from src\test\resources to target\test-classes
2025-02-28 23:31:15,043 [Worker-57: Building] INFO  o.e.m.c.i.l.LifecycleMappingFactory - Using org.eclipse.m2e.jdt.JarLifecycleMapping lifecycle mapping for MavenProject: com.satishlabs:SpringIocContianerExample:0.0.1-SNAPSHOT @ G:\Altimetrik\Coursera-labs\Spring Boot Upskilling Path\Data Structures & Backend with Java\SpringIocContianerExample\pom.xml.
2025-02-28 23:31:15,192 [Worker-57: Building] WARN  o.a.m.s.f.DefaultMavenResourcesFiltering - Using platform encoding (UTF-8 actually) to copy filtered resources, i.e. build is platform dependent!
2025-02-28 23:31:15,193 [Worker-57: Building] INFO  o.a.m.s.f.DefaultMavenResourcesFiltering - Copying 0 resource from src\main\resources to target\classes
2025-02-28 23:31:15,196 [Worker-57: Building] WARN  o.a.m.s.f.DefaultMavenResourcesFiltering - Using platform encoding (UTF-8 actually) to copy filtered resources, i.e. build is platform dependent!
2025-02-28 23:31:15,196 [Worker-57: Building] INFO  o.a.m.s.f.DefaultMavenResourcesFiltering - Copying 0 resource from src\test\resources to target\test-classes
2025-02-28 23:31:28,403 [Worker-57: Updating Maven Project] INFO  o.e.m.c.i.p.ProjectConfigurationManager - Update started
2025-02-28 23:31:28,653 [Worker-57: Updating Maven Project] INFO  o.e.m.c.i.l.LifecycleMappingFactory - Using org.eclipse.m2e.jdt.JarLifecycleMapping lifecycle mapping for MavenProject: com.satishlabs:SpringIocContianerExample:0.0.1-SNAPSHOT @ G:\Altimetrik\Coursera-labs\Spring Boot Upskilling Path\Data Structures & Backend with Java\SpringIocContianerExample\pom.xml.
2025-02-28 23:31:28,695 [Worker-57: Updating Maven Project] INFO  o.e.m.c.i.l.LifecycleMappingFactory - Using org.maven.ide.eclipse.wtp.WarLifecycleMapping lifecycle mapping for MavenProject: com.satishlabs:MavenWebProjectDemo:0.0.1-SNAPSHOT @ G:\Altimetrik\Coursera-labs\Spring Boot Upskilling Path\Data Structures & Backend with Java\MavenWebProjectDemo\pom.xml.
2025-02-28 23:31:28,832 [Worker-57: Updating Maven Project] INFO  o.e.m.j.i.AbstractJavaProjectConfigurator - Adding source folder /SpringIocContianerExample/src/main/java
2025-02-28 23:31:28,832 [Worker-57: Updating Maven Project] INFO  o.e.m.j.i.AbstractJavaProjectConfigurator - Adding resource folder /SpringIocContianerExample/src/main/resources
2025-02-28 23:31:28,832 [Worker-57: Updating Maven Project] INFO  o.e.m.j.i.AbstractJavaProjectConfigurator - Adding source folder /SpringIocContianerExample/src/test/java
2025-02-28 23:31:28,832 [Worker-57: Updating Maven Project] INFO  o.e.m.j.i.AbstractJavaProjectConfigurator - Adding resource folder /SpringIocContianerExample/src/test/resources
2025-02-28 23:31:28,953 [Worker-57: Updating Maven Project] INFO  o.e.m.c.i.p.ProjectConfigurationManager - Update completed for 1 poms: local refresh takes 0.00 sec, refresh facades takes 0.00 sec, update config takes 0.00 sec 
2025-02-28 23:31:29,082 [Worker-57: Building] WARN  o.a.m.s.f.DefaultMavenResourcesFiltering - Using platform encoding (UTF-8 actually) to copy filtered resources, i.e. build is platform dependent!
2025-02-28 23:31:29,083 [Worker-57: Building] INFO  o.a.m.s.f.DefaultMavenResourcesFiltering - Copying 0 resource from src\main\resources to target\classes
2025-02-28 23:31:29,086 [Worker-57: Building] WARN  o.a.m.s.f.DefaultMavenResourcesFiltering - Using platform encoding (UTF-8 actually) to copy filtered resources, i.e. build is platform dependent!
2025-02-28 23:31:29,087 [Worker-57: Building] INFO  o.a.m.s.f.DefaultMavenResourcesFiltering - Copying 0 resource from src\test\resources to target\test-classes
2025-02-28 23:32:52,679 [Worker-66: Building] WARN  o.a.m.s.f.DefaultMavenResourcesFiltering - Using platform encoding (UTF-8 actually) to copy filtered resources, i.e. build is platform dependent!
2025-02-28 23:32:52,682 [Worker-66: Building] INFO  o.a.m.s.f.DefaultMavenResourcesFiltering - Copying 0 resource from src\main\resources to target\classes
2025-02-28 23:32:52,686 [Worker-66: Building] WARN  o.a.m.s.f.DefaultMavenResourcesFiltering - Using platform encoding (UTF-8 actually) to copy filtered resources, i.e. build is platform dependent!
2025-02-28 23:32:52,687 [Worker-66: Building] INFO  o.a.m.s.f.DefaultMavenResourcesFiltering - Copying 0 resource from src\test\resources to target\test-classes
2025-02-28 23:33:19,141 [Worker-65: Building] WARN  o.a.m.s.f.DefaultMavenResourcesFiltering - Using platform encoding (UTF-8 actually) to copy filtered resources, i.e. build is platform dependent!
2025-02-28 23:33:19,141 [Worker-65: Building] INFO  o.a.m.s.f.DefaultMavenResourcesFiltering - Copying 0 resource from src\main\resources to target\classes
2025-02-28 23:33:19,143 [Worker-65: Building] WARN  o.a.m.s.f.DefaultMavenResourcesFiltering - Using platform encoding (UTF-8 actually) to copy filtered resources, i.e. build is platform dependent!
2025-02-28 23:33:19,145 [Worker-65: Building] INFO  o.a.m.s.f.DefaultMavenResourcesFiltering - Copying 0 resource from src\test\resources to target\test-classes
2025-02-28 23:34:50,947 [Worker-65: Building] WARN  o.a.m.s.f.DefaultMavenResourcesFiltering - Using platform encoding (UTF-8 actually) to copy filtered resources, i.e. build is platform dependent!
2025-02-28 23:34:50,948 [Worker-65: Building] INFO  o.a.m.s.f.DefaultMavenResourcesFiltering - Copying 1 resource from src\main\resources to target\classes
2025-02-28 23:34:50,979 [Worker-65: Building] WARN  o.a.m.s.f.DefaultMavenResourcesFiltering - Using platform encoding (UTF-8 actually) to copy filtered resources, i.e. build is platform dependent!
2025-02-28 23:34:50,980 [Worker-65: Building] INFO  o.a.m.s.f.DefaultMavenResourcesFiltering - Copying 0 resource from src\test\resources to target\test-classes
2025-02-28 23:36:29,857 [Worker-70: Building] WARN  o.a.m.s.f.DefaultMavenResourcesFiltering - Using platform encoding (UTF-8 actually) to copy filtered resources, i.e. build is platform dependent!
2025-02-28 23:36:29,859 [Worker-70: Building] INFO  o.a.m.s.f.DefaultMavenResourcesFiltering - Copying 1 resource from src\main\resources to target\classes
2025-02-28 23:36:29,864 [Worker-70: Building] WARN  o.a.m.s.f.DefaultMavenResourcesFiltering - Using platform encoding (UTF-8 actually) to copy filtered resources, i.e. build is platform dependent!
2025-02-28 23:36:29,865 [Worker-70: Building] INFO  o.a.m.s.f.DefaultMavenResourcesFiltering - Copying 0 resource from src\test\resources to target\test-classes
2025-02-28 23:36:51,810 [Worker-73: Building] WARN  o.a.m.s.f.DefaultMavenResourcesFiltering - Using platform encoding (UTF-8 actually) to copy filtered resources, i.e. build is platform dependent!
2025-02-28 23:36:51,812 [Worker-73: Building] INFO  o.a.m.s.f.DefaultMavenResourcesFiltering - Copying 1 resource from src\main\resources to target\classes
2025-02-28 23:36:51,815 [Worker-73: Building] WARN  o.a.m.s.f.DefaultMavenResourcesFiltering - Using platform encoding (UTF-8 actually) to copy filtered resources, i.e. build is platform dependent!
2025-02-28 23:36:51,815 [Worker-73: Building] INFO  o.a.m.s.f.DefaultMavenResourcesFiltering - Copying 0 resource from src\test\resources to target\test-classes
2025-02-28 23:38:00,765 [Worker-72: Building] WARN  o.a.m.s.f.DefaultMavenResourcesFiltering - Using platform encoding (UTF-8 actually) to copy filtered resources, i.e. build is platform dependent!
2025-02-28 23:38:00,766 [Worker-72: Building] INFO  o.a.m.s.f.DefaultMavenResourcesFiltering - Copying 1 resource from src\main\resources to target\classes
2025-02-28 23:38:00,767 [Worker-72: Building] WARN  o.a.m.s.f.DefaultMavenResourcesFiltering - Using platform encoding (UTF-8 actually) to copy filtered resources, i.e. build is platform dependent!
2025-02-28 23:38:00,768 [Worker-72: Building] INFO  o.a.m.s.f.DefaultMavenResourcesFiltering - Copying 0 resource from src\test\resources to target\test-classes
2025-02-28 23:38:42,471 [Worker-65: Building] WARN  o.a.m.s.f.DefaultMavenResourcesFiltering - Using platform encoding (UTF-8 actually) to copy filtered resources, i.e. build is platform dependent!
2025-02-28 23:38:42,473 [Worker-65: Building] INFO  o.a.m.s.f.DefaultMavenResourcesFiltering - Copying 1 resource from src\main\resources to target\classes
2025-02-28 23:38:42,479 [Worker-65: Building] WARN  o.a.m.s.f.DefaultMavenResourcesFiltering - Using platform encoding (UTF-8 actually) to copy filtered resources, i.e. build is platform dependent!
2025-02-28 23:38:42,481 [Worker-65: Building] INFO  o.a.m.s.f.DefaultMavenResourcesFiltering - Copying 0 resource from src\test\resources to target\test-classes
2025-02-28 23:38:54,981 [Worker-72: Building] WARN  o.a.m.s.f.DefaultMavenResourcesFiltering - Using platform encoding (UTF-8 actually) to copy filtered resources, i.e. build is platform dependent!
2025-02-28 23:38:54,982 [Worker-72: Building] INFO  o.a.m.s.f.DefaultMavenResourcesFiltering - Copying 1 resource from src\main\resources to target\classes
2025-02-28 23:38:54,984 [Worker-72: Building] WARN  o.a.m.s.f.DefaultMavenResourcesFiltering - Using platform encoding (UTF-8 actually) to copy filtered resources, i.e. build is platform dependent!
2025-02-28 23:38:54,984 [Worker-72: Building] INFO  o.a.m.s.f.DefaultMavenResourcesFiltering - Copying 0 resource from src\test\resources to target\test-classes
2025-02-28 23:39:12,175 [Worker-65: Building] WARN  o.a.m.s.f.DefaultMavenResourcesFiltering - Using platform encoding (UTF-8 actually) to copy filtered resources, i.e. build is platform dependent!
2025-02-28 23:39:12,180 [Worker-65: Building] INFO  o.a.m.s.f.DefaultMavenResourcesFiltering - Copying 1 resource from src\main\resources to target\classes
2025-02-28 23:39:12,188 [Worker-65: Building] WARN  o.a.m.s.f.DefaultMavenResourcesFiltering - Using platform encoding (UTF-8 actually) to copy filtered resources, i.e. build is platform dependent!
2025-02-28 23:39:12,191 [Worker-65: Building] INFO  o.a.m.s.f.DefaultMavenResourcesFiltering - Copying 0 resource from src\test\resources to target\test-classes
2025-02-28 23:40:26,858 [Worker-61: Building] WARN  o.a.m.s.f.DefaultMavenResourcesFiltering - Using platform encoding (UTF-8 actually) to copy filtered resources, i.e. build is platform dependent!
2025-02-28 23:40:26,860 [Worker-61: Building] INFO  o.a.m.s.f.DefaultMavenResourcesFiltering - Copying 1 resource from src\main\resources to target\classes
2025-02-28 23:40:26,863 [Worker-61: Building] WARN  o.a.m.s.f.DefaultMavenResourcesFiltering - Using platform encoding (UTF-8 actually) to copy filtered resources, i.e. build is platform dependent!
2025-02-28 23:40:26,865 [Worker-61: Building] INFO  o.a.m.s.f.DefaultMavenResourcesFiltering - Copying 0 resource from src\test\resources to target\test-classes
2025-02-28 23:40:34,246 [Worker-71: Building] WARN  o.a.m.s.f.DefaultMavenResourcesFiltering - Using platform encoding (UTF-8 actually) to copy filtered resources, i.e. build is platform dependent!
2025-02-28 23:40:34,247 [Worker-71: Building] INFO  o.a.m.s.f.DefaultMavenResourcesFiltering - Copying 1 resource from src\main\resources to target\classes
2025-02-28 23:40:34,248 [Worker-71: Building] WARN  o.a.m.s.f.DefaultMavenResourcesFiltering - Using platform encoding (UTF-8 actually) to copy filtered resources, i.e. build is platform dependent!
2025-02-28 23:40:34,248 [Worker-71: Building] INFO  o.a.m.s.f.DefaultMavenResourcesFiltering - Copying 0 resource from src\test\resources to target\test-classes
2025-02-28 23:40:52,123 [Worker-65: Building] WARN  o.a.m.s.f.DefaultMavenResourcesFiltering - Using platform encoding (UTF-8 actually) to copy filtered resources, i.e. build is platform dependent!
2025-02-28 23:40:52,124 [Worker-65: Building] INFO  o.a.m.s.f.DefaultMavenResourcesFiltering - Copying 1 resource from src\main\resources to target\classes
2025-02-28 23:40:52,125 [Worker-65: Building] WARN  o.a.m.s.f.DefaultMavenResourcesFiltering - Using platform encoding (UTF-8 actually) to copy filtered resources, i.e. build is platform dependent!
2025-02-28 23:40:52,126 [Worker-65: Building] INFO  o.a.m.s.f.DefaultMavenResourcesFiltering - Copying 0 resource from src\test\resources to target\test-classes
2025-02-28 23:41:36,489 [Worker-71: Building] WARN  o.a.m.s.f.DefaultMavenResourcesFiltering - Using platform encoding (UTF-8 actually) to copy filtered resources, i.e. build is platform dependent!
2025-02-28 23:41:36,490 [Worker-71: Building] INFO  o.a.m.s.f.DefaultMavenResourcesFiltering - Copying 1 resource from src\main\resources to target\classes
2025-02-28 23:41:36,492 [Worker-71: Building] WARN  o.a.m.s.f.DefaultMavenResourcesFiltering - Using platform encoding (UTF-8 actually) to copy filtered resources, i.e. build is platform dependent!
2025-02-28 23:41:36,493 [Worker-71: Building] INFO  o.a.m.s.f.DefaultMavenResourcesFiltering - Copying 0 resource from src\test\resources to target\test-classes
2025-02-28 23:42:43,894 [Worker-72: Building] WARN  o.a.m.s.f.DefaultMavenResourcesFiltering - Using platform encoding (UTF-8 actually) to copy filtered resources, i.e. build is platform dependent!
2025-02-28 23:42:43,899 [Worker-72: Building] INFO  o.a.m.s.f.DefaultMavenResourcesFiltering - Copying 1 resource from src\main\resources to target\classes
2025-02-28 23:42:43,905 [Worker-72: Building] WARN  o.a.m.s.f.DefaultMavenResourcesFiltering - Using platform encoding (UTF-8 actually) to copy filtered resources, i.e. build is platform dependent!
2025-02-28 23:42:43,906 [Worker-72: Building] INFO  o.a.m.s.f.DefaultMavenResourcesFiltering - Copying 0 resource from src\test\resources to target\test-classes
2025-02-28 23:43:11,777 [Worker-73: Building] WARN  o.a.m.s.f.DefaultMavenResourcesFiltering - Using platform encoding (UTF-8 actually) to copy filtered resources, i.e. build is platform dependent!
2025-02-28 23:43:11,777 [Worker-73: Building] INFO  o.a.m.s.f.DefaultMavenResourcesFiltering - Copying 1 resource from src\main\resources to target\classes
2025-02-28 23:43:11,780 [Worker-73: Building] WARN  o.a.m.s.f.DefaultMavenResourcesFiltering - Using platform encoding (UTF-8 actually) to copy filtered resources, i.e. build is platform dependent!
2025-02-28 23:43:11,780 [Worker-73: Building] INFO  o.a.m.s.f.DefaultMavenResourcesFiltering - Copying 0 resource from src\test\resources to target\test-classes
2025-02-28 23:43:20,013 [Worker-73: Building] WARN  o.a.m.s.f.DefaultMavenResourcesFiltering - Using platform encoding (UTF-8 actually) to copy filtered resources, i.e. build is platform dependent!
2025-02-28 23:43:20,013 [Worker-73: Building] INFO  o.a.m.s.f.DefaultMavenResourcesFiltering - Copying 1 resource from src\main\resources to target\classes
2025-02-28 23:43:20,016 [Worker-73: Building] WARN  o.a.m.s.f.DefaultMavenResourcesFiltering - Using platform encoding (UTF-8 actually) to copy filtered resources, i.e. build is platform dependent!
2025-02-28 23:43:20,017 [Worker-73: Building] INFO  o.a.m.s.f.DefaultMavenResourcesFiltering - Copying 0 resource from src\test\resources to target\test-classes
2025-02-28 23:43:36,214 [Worker-61: Building] WARN  o.a.m.s.f.DefaultMavenResourcesFiltering - Using platform encoding (UTF-8 actually) to copy filtered resources, i.e. build is platform dependent!
2025-02-28 23:43:36,217 [Worker-61: Building] INFO  o.a.m.s.f.DefaultMavenResourcesFiltering - Copying 1 resource from src\main\resources to target\classes
2025-02-28 23:43:36,224 [Worker-61: Building] WARN  o.a.m.s.f.DefaultMavenResourcesFiltering - Using platform encoding (UTF-8 actually) to copy filtered resources, i.e. build is platform dependent!
2025-02-28 23:43:36,225 [Worker-61: Building] INFO  o.a.m.s.f.DefaultMavenResourcesFiltering - Copying 0 resource from src\test\resources to target\test-classes
2025-02-28 23:43:49,063 [Worker-61: Building] WARN  o.a.m.s.f.DefaultMavenResourcesFiltering - Using platform encoding (UTF-8 actually) to copy filtered resources, i.e. build is platform dependent!
2025-02-28 23:43:49,065 [Worker-61: Building] INFO  o.a.m.s.f.DefaultMavenResourcesFiltering - Copying 1 resource from src\main\resources to target\classes
2025-02-28 23:43:49,071 [Worker-61: Building] WARN  o.a.m.s.f.DefaultMavenResourcesFiltering - Using platform encoding (UTF-8 actually) to copy filtered resources, i.e. build is platform dependent!
2025-02-28 23:43:49,072 [Worker-61: Building] INFO  o.a.m.s.f.DefaultMavenResourcesFiltering - Copying 0 resource from src\test\resources to target\test-classes
2025-02-28 23:44:30,775 [Worker-71: Building] WARN  o.a.m.s.f.DefaultMavenResourcesFiltering - Using platform encoding (UTF-8 actually) to copy filtered resources, i.e. build is platform dependent!
2025-02-28 23:44:30,776 [Worker-71: Building] INFO  o.a.m.s.f.DefaultMavenResourcesFiltering - Copying 1 resource from src\main\resources to target\classes
2025-02-28 23:44:30,778 [Worker-71: Building] WARN  o.a.m.s.f.DefaultMavenResourcesFiltering - Using platform encoding (UTF-8 actually) to copy filtered resources, i.e. build is platform dependent!
2025-02-28 23:44:30,779 [Worker-71: Building] INFO  o.a.m.s.f.DefaultMavenResourcesFiltering - Copying 0 resource from src\test\resources to target\test-classes
2025-02-28 23:44:56,995 [Worker-72: Building] WARN  o.a.m.s.f.DefaultMavenResourcesFiltering - Using platform encoding (UTF-8 actually) to copy filtered resources, i.e. build is platform dependent!
2025-02-28 23:44:56,996 [Worker-72: Building] INFO  o.a.m.s.f.DefaultMavenResourcesFiltering - Copying 1 resource from src\main\resources to target\classes
2025-02-28 23:44:56,998 [Worker-72: Building] WARN  o.a.m.s.f.DefaultMavenResourcesFiltering - Using platform encoding (UTF-8 actually) to copy filtered resources, i.e. build is platform dependent!
2025-02-28 23:44:56,998 [Worker-72: Building] INFO  o.a.m.s.f.DefaultMavenResourcesFiltering - Copying 0 resource from src\test\resources to target\test-classes
2025-02-28 23:46:11,629 [Worker-72: Building] WARN  o.a.m.s.f.DefaultMavenResourcesFiltering - Using platform encoding (UTF-8 actually) to copy filtered resources, i.e. build is platform dependent!
2025-02-28 23:46:11,631 [Worker-72: Building] INFO  o.a.m.s.f.DefaultMavenResourcesFiltering - Copying 1 resource from src\main\resources to target\classes
2025-02-28 23:46:11,633 [Worker-72: Building] WARN  o.a.m.s.f.DefaultMavenResourcesFiltering - Using platform encoding (UTF-8 actually) to copy filtered resources, i.e. build is platform dependent!
2025-02-28 23:46:11,634 [Worker-72: Building] INFO  o.a.m.s.f.DefaultMavenResourcesFiltering - Copying 0 resource from src\test\resources to target\test-classes
2025-02-28 23:46:16,649 [Worker-61: Building] WARN  o.a.m.s.f.DefaultMavenResourcesFiltering - Using platform encoding (UTF-8 actually) to copy filtered resources, i.e. build is platform dependent!
2025-02-28 23:46:16,651 [Worker-61: Building] INFO  o.a.m.s.f.DefaultMavenResourcesFiltering - Copying 1 resource from src\main\resources to target\classes
2025-02-28 23:46:16,657 [Worker-61: Building] WARN  o.a.m.s.f.DefaultMavenResourcesFiltering - Using platform encoding (UTF-8 actually) to copy filtered resources, i.e. build is platform dependent!
2025-02-28 23:46:16,658 [Worker-61: Building] INFO  o.a.m.s.f.DefaultMavenResourcesFiltering - Copying 0 resource from src\test\resources to target\test-classes
2025-02-28 23:46:19,807 [Worker-65: Building] WARN  o.a.m.s.f.DefaultMavenResourcesFiltering - Using platform encoding (UTF-8 actually) to copy filtered resources, i.e. build is platform dependent!
2025-02-28 23:46:19,808 [Worker-65: Building] INFO  o.a.m.s.f.DefaultMavenResourcesFiltering - Copying 1 resource from src\main\resources to target\classes
2025-02-28 23:46:19,812 [Worker-65: Building] WARN  o.a.m.s.f.DefaultMavenResourcesFiltering - Using platform encoding (UTF-8 actually) to copy filtered resources, i.e. build is platform dependent!
2025-02-28 23:46:19,813 [Worker-65: Building] INFO  o.a.m.s.f.DefaultMavenResourcesFiltering - Copying 0 resource from src\test\resources to target\test-classes
2025-02-28 23:46:23,628 [Worker-61: Building] WARN  o.a.m.s.f.DefaultMavenResourcesFiltering - Using platform encoding (UTF-8 actually) to copy filtered resources, i.e. build is platform dependent!
2025-02-28 23:46:23,629 [Worker-61: Building] INFO  o.a.m.s.f.DefaultMavenResourcesFiltering - Copying 1 resource from src\main\resources to target\classes
2025-02-28 23:46:23,633 [Worker-61: Building] WARN  o.a.m.s.f.DefaultMavenResourcesFiltering - Using platform encoding (UTF-8 actually) to copy filtered resources, i.e. build is platform dependent!
2025-02-28 23:46:23,633 [Worker-61: Building] INFO  o.a.m.s.f.DefaultMavenResourcesFiltering - Copying 0 resource from src\test\resources to target\test-classes
2025-02-28 23:46:26,158 [Worker-72: Building] WARN  o.a.m.s.f.DefaultMavenResourcesFiltering - Using platform encoding (UTF-8 actually) to copy filtered resources, i.e. build is platform dependent!
2025-02-28 23:46:26,161 [Worker-72: Building] INFO  o.a.m.s.f.DefaultMavenResourcesFiltering - Copying 1 resource from src\main\resources to target\classes
2025-02-28 23:46:26,169 [Worker-72: Building] WARN  o.a.m.s.f.DefaultMavenResourcesFiltering - Using platform encoding (UTF-8 actually) to copy filtered resources, i.e. build is platform dependent!
2025-02-28 23:46:26,171 [Worker-72: Building] INFO  o.a.m.s.f.DefaultMavenResourcesFiltering - Copying 0 resource from src\test\resources to target\test-classes
2025-02-28 23:47:29,273 [Worker-76: Building] WARN  o.a.m.s.f.DefaultMavenResourcesFiltering - Using platform encoding (UTF-8 actually) to copy filtered resources, i.e. build is platform dependent!
2025-02-28 23:47:29,275 [Worker-76: Building] INFO  o.a.m.s.f.DefaultMavenResourcesFiltering - Copying 1 resource from src\main\resources to target\classes
2025-02-28 23:47:29,278 [Worker-76: Building] WARN  o.a.m.s.f.DefaultMavenResourcesFiltering - Using platform encoding (UTF-8 actually) to copy filtered resources, i.e. build is platform dependent!
2025-02-28 23:47:29,278 [Worker-76: Building] INFO  o.a.m.s.f.DefaultMavenResourcesFiltering - Copying 0 resource from src\test\resources to target\test-classes
2025-02-28 23:47:31,510 [Worker-72: Building] WARN  o.a.m.s.f.DefaultMavenResourcesFiltering - Using platform encoding (UTF-8 actually) to copy filtered resources, i.e. build is platform dependent!
2025-02-28 23:47:31,510 [Worker-72: Building] INFO  o.a.m.s.f.DefaultMavenResourcesFiltering - Copying 1 resource from src\main\resources to target\classes
2025-02-28 23:47:31,513 [Worker-72: Building] WARN  o.a.m.s.f.DefaultMavenResourcesFiltering - Using platform encoding (UTF-8 actually) to copy filtered resources, i.e. build is platform dependent!
2025-02-28 23:47:31,514 [Worker-72: Building] INFO  o.a.m.s.f.DefaultMavenResourcesFiltering - Copying 0 resource from src\test\resources to target\test-classes
2025-02-28 23:47:34,606 [Worker-65: Building] WARN  o.a.m.s.f.DefaultMavenResourcesFiltering - Using platform encoding (UTF-8 actually) to copy filtered resources, i.e. build is platform dependent!
2025-02-28 23:47:34,609 [Worker-65: Building] INFO  o.a.m.s.f.DefaultMavenResourcesFiltering - Copying 1 resource from src\main\resources to target\classes
2025-02-28 23:47:34,617 [Worker-65: Building] WARN  o.a.m.s.f.DefaultMavenResourcesFiltering - Using platform encoding (UTF-8 actually) to copy filtered resources, i.e. build is platform dependent!
2025-02-28 23:47:34,620 [Worker-65: Building] INFO  o.a.m.s.f.DefaultMavenResourcesFiltering - Copying 0 resource from src\test\resources to target\test-classes
2025-02-28 23:47:50,493 [Worker-61: Cleaning all projects] INFO  o.e.m.w.i.f.ResourceFilteringBuildParticipant - Cleaning filtered folder for MavenWebProjectDemo
2025-02-28 23:47:51,101 [Worker-65: Building] INFO  o.a.m.s.f.DefaultMavenResourcesFiltering - skip non existing resourceDirectory G:\Altimetrik\Coursera-labs\Spring Boot Upskilling Path\Data Structures & Backend with Java\MavenWebProjectDemo\src\main\resources
2025-02-28 23:47:51,104 [Worker-65: Building] INFO  o.a.m.s.f.DefaultMavenResourcesFiltering - skip non existing resourceDirectory G:\Altimetrik\Coursera-labs\Spring Boot Upskilling Path\Data Structures & Backend with Java\MavenWebProjectDemo\src\test\resources
2025-02-28 23:47:51,104 [Worker-65: Building] INFO  o.e.m.w.i.f.ResourceFilteringBuildParticipant - Changed resources require a complete clean of filtered resources of MavenWebProjectDemo
2025-02-28 23:47:51,104 [Worker-65: Building] INFO  o.e.m.w.i.f.ResourceFilteringBuildParticipant - Executing resource filtering for MavenWebProjectDemo
2025-02-28 23:47:51,517 [Worker-77: Building] WARN  o.a.m.s.f.DefaultMavenResourcesFiltering - Using platform encoding (UTF-8 actually) to copy filtered resources, i.e. build is platform dependent!
2025-02-28 23:47:51,518 [Worker-77: Building] INFO  o.a.m.s.f.DefaultMavenResourcesFiltering - Copying 1 resource from src\main\resources to target\classes
2025-02-28 23:47:51,522 [Worker-77: Building] WARN  o.a.m.s.f.DefaultMavenResourcesFiltering - Using platform encoding (UTF-8 actually) to copy filtered resources, i.e. build is platform dependent!
2025-02-28 23:47:51,524 [Worker-77: Building] INFO  o.a.m.s.f.DefaultMavenResourcesFiltering - Copying 0 resource from src\test\resources to target\test-classes
2025-02-28 23:48:00,493 [Worker-76: Building] WARN  o.a.m.s.f.DefaultMavenResourcesFiltering - Using platform encoding (UTF-8 actually) to copy filtered resources, i.e. build is platform dependent!
2025-02-28 23:48:00,495 [Worker-76: Building] INFO  o.a.m.s.f.DefaultMavenResourcesFiltering - Copying 1 resource from src\main\resources to target\classes
2025-02-28 23:48:00,499 [Worker-76: Building] WARN  o.a.m.s.f.DefaultMavenResourcesFiltering - Using platform encoding (UTF-8 actually) to copy filtered resources, i.e. build is platform dependent!
2025-02-28 23:48:00,501 [Worker-76: Building] INFO  o.a.m.s.f.DefaultMavenResourcesFiltering - Copying 0 resource from src\test\resources to target\test-classes
2025-03-01 13:06:38,076 [Worker-7: Loading available Gradle versions] INFO  o.e.b.c.i.u.g.PublishedGradleVersions - Gradle version information cache is out-of-date. Trying to update.
